<?xml version="1.0" encoding="UTF-8"?><testsuite errors="0" failures="0" name="in.reqres.userinfo.UserCURDTestWithSteps" skipped="0" tests="4" time="11.62" timestamp="2022-06-04T23:34:27.902+01:00[Europe/London]"><testcase classname="in.reqres.userinfo.UserCURDTestWithSteps" name="This will create a new user"/><testcase classname="in.reqres.userinfo.UserCURDTestWithSteps" name="Verify if the user was added to the application"/><testcase classname="in.reqres.userinfo.UserCURDTestWithSteps" name="Update the user information and verify the updated information for ID=7"/><testcase classname="in.reqres.userinfo.UserCURDTestWithSteps" name="Delete the user and verify if the user is deleted! for ID=9"/></testsuite>